# JRE version: OpenJDK Runtime Environment (8.0_112-b06) (build 1.8.0_112-release-b06)
# Java VM: OpenJDK 64-Bit Server VM (25.112-b06 mixed mode windows-amd64 compressed oops)
Heap:
 PSYoungGen      total 262656K, used 189437K [0x00000000e0000000, 0x00000000f5080000, 0x0000000100000000)
  eden space 237568K, 77% used [0x00000000e0000000,0x00000000eb2b8510,0x00000000ee800000)
  from space 25088K, 25% used [0x00000000f0000000,0x00000000f06471d0,0x00000000f1880000)
  to   space 24576K, 0% used [0x00000000ee800000,0x00000000ee800000,0x00000000f0000000)
 ParOldGen       total 145408K, used 66914K [0x00000000a0000000, 0x00000000a8e00000, 0x00000000e0000000)
  object space 145408K, 46% used [0x00000000a0000000,0x00000000a41588b0,0x00000000a8e00000)
 Metaspace       used 73523K, capacity 77664K, committed 77784K, reserved 1116160K
  class space    used 9451K, capacity 10123K, committed 10240K, reserved 1048576K
GC Heap History (10 events):
Event: 2724.945 GC heap before
{Heap before GC invocations=21 (full 3):
 PSYoungGen      total 221696K, used 220910K [0x00000000e0000000, 0x00000000eff80000, 0x0000000100000000)
  eden space 205312K, 99% used [0x00000000e0000000,0x00000000ec7f2ca8,0x00000000ec880000)
  from space 16384K, 98% used [0x00000000ed680000,0x00000000ee648e78,0x00000000ee680000)
  to   space 25600K, 0% used [0x00000000ee680000,0x00000000ee680000,0x00000000eff80000)
 ParOldGen       total 145408K, used 60021K [0x00000000a0000000, 0x00000000a8e00000, 0x00000000e0000000)
  object space 145408K, 41% used [0x00000000a0000000,0x00000000a3a9d780,0x00000000a8e00000)
 Metaspace       used 71692K, capacity 75050K, committed 75224K, reserved 1114112K
  class space    used 9268K, capacity 9878K, committed 9984K, reserved 1048576K
Event: 2724.960 GC heap after
Heap after GC invocations=21 (full 3):
 PSYoungGen      total 235008K, used 13757K [0x00000000e0000000, 0x00000000f2a80000, 0x0000000100000000)
  eden space 209408K, 0% used [0x00000000e0000000,0x00000000e0000000,0x00000000ecc80000)
  from space 25600K, 53% used [0x00000000ee680000,0x00000000ef3ef460,0x00000000eff80000)
  to   space 26624K, 0% used [0x00000000ecc80000,0x00000000ecc80000,0x00000000ee680000)
 ParOldGen       total 145408K, used 60029K [0x00000000a0000000, 0x00000000a8e00000, 0x00000000e0000000)
  object space 145408K, 41% used [0x00000000a0000000,0x00000000a3a9f780,0x00000000a8e00000)
 Metaspace       used 71692K, capacity 75050K, committed 75224K, reserved 1114112K
  class space    used 9268K, capacity 9878K, committed 9984K, reserved 1048576K
}
Event: 4032.130 GC heap before
{Heap before GC invocations=22 (full 3):
 PSYoungGen      total 235008K, used 223165K [0x00000000e0000000, 0x00000000f2a80000, 0x0000000100000000)
  eden space 209408K, 100% used [0x00000000e0000000,0x00000000ecc80000,0x00000000ecc80000)
  from space 25600K, 53% used [0x00000000ee680000,0x00000000ef3ef460,0x00000000eff80000)
  to   space 26624K, 0% used [0x00000000ecc80000,0x00000000ecc80000,0x00000000ee680000)
 ParOldGen       total 145408K, used 60029K [0x00000000a0000000, 0x00000000a8e00000, 0x00000000e0000000)
  object space 145408K, 41% used [0x00000000a0000000,0x00000000a3a9f780,0x00000000a8e00000)
 Metaspace       used 72392K, capacity 75970K, committed 75992K, reserved 1116160K
  class space    used 9352K, capacity 9978K, committed 9984K, reserved 1048576K
Event: 4032.169 GC heap after
Heap after GC invocations=22 (full 3):
 PSYoungGen      total 236032K, used 13801K [0x00000000e0000000, 0x00000000f2780000, 0x0000000100000000)
  eden space 209408K, 0% used [0x00000000e0000000,0x00000000e0000000,0x00000000ecc80000)
  from space 26624K, 51% used [0x00000000ecc80000,0x00000000ed9fa4b0,0x00000000ee680000)
  to   space 25600K, 0% used [0x00000000f0e80000,0x00000000f0e80000,0x00000000f2780000)
 ParOldGen       total 145408K, used 64886K [0x00000000a0000000, 0x00000000a8e00000, 0x00000000e0000000)
  object space 145408K, 44% used [0x00000000a0000000,0x00000000a3f5d850,0x00000000a8e00000)
 Metaspace       used 72392K, capacity 75970K, committed 75992K, reserved 1116160K
  class space    used 9352K, capacity 9978K, committed 9984K, reserved 1048576K
}
Event: 4078.242 GC heap before
{Heap before GC invocations=23 (full 3):
 PSYoungGen      total 236032K, used 223209K [0x00000000e0000000, 0x00000000f2780000, 0x0000000100000000)
  eden space 209408K, 100% used [0x00000000e0000000,0x00000000ecc80000,0x00000000ecc80000)
  from space 26624K, 51% used [0x00000000ecc80000,0x00000000ed9fa4b0,0x00000000ee680000)
  to   space 25600K, 0% used [0x00000000f0e80000,0x00000000f0e80000,0x00000000f2780000)
 ParOldGen       total 145408K, used 64886K [0x00000000a0000000, 0x00000000a8e00000, 0x00000000e0000000)
  object space 145408K, 44% used [0x00000000a0000000,0x00000000a3f5d850,0x00000000a8e00000)
 Metaspace       used 72790K, capacity 76464K, committed 76632K, reserved 1116160K
  class space    used 9371K, capacity 10001K, committed 10112K, reserved 1048576K
Event: 4078.277 GC heap after
Heap after GC invocations=23 (full 3):
 PSYoungGen      total 264704K, used 8090K [0x00000000e0000000, 0x00000000f2100000, 0x0000000100000000)
  eden space 245760K, 0% used [0x00000000e0000000,0x00000000e0000000,0x00000000ef000000)
  from space 18944K, 42% used [0x00000000f0e80000,0x00000000f1666938,0x00000000f2100000)
  to   space 25088K, 0% used [0x00000000ef000000,0x00000000ef000000,0x00000000f0880000)
 ParOldGen       total 145408K, used 66898K [0x00000000a0000000, 0x00000000a8e00000, 0x00000000e0000000)
  object space 145408K, 46% used [0x00000000a0000000,0x00000000a41548b0,0x00000000a8e00000)
 Metaspace       used 72790K, capacity 76464K, committed 76632K, reserved 1116160K
  class space    used 9371K, capacity 10001K, committed 10112K, reserved 1048576K
}
Event: 4807.562 GC heap before
{Heap before GC invocations=24 (full 3):
 PSYoungGen      total 264704K, used 253850K [0x00000000e0000000, 0x00000000f2100000, 0x0000000100000000)
  eden space 245760K, 100% used [0x00000000e0000000,0x00000000ef000000,0x00000000ef000000)
  from space 18944K, 42% used [0x00000000f0e80000,0x00000000f1666938,0x00000000f2100000)
  to   space 25088K, 0% used [0x00000000ef000000,0x00000000ef000000,0x00000000f0880000)
 ParOldGen       total 145408K, used 66898K [0x00000000a0000000, 0x00000000a8e00000, 0x00000000e0000000)
  object space 145408K, 46% used [0x00000000a0000000,0x00000000a41548b0,0x00000000a8e00000)
 Metaspace       used 73318K, capacity 77334K, committed 77400K, reserved 1116160K
  class space    used 9428K, capacity 10096K, committed 10112K, reserved 1048576K
Event: 4807.572 GC heap after
Heap after GC invocations=24 (full 3):
 PSYoungGen      total 244224K, used 6993K [0x00000000e0000000, 0x00000000f1880000, 0x0000000100000000)
  eden space 237056K, 0% used [0x00000000e0000000,0x00000000e0000000,0x00000000ee780000)
  from space 7168K, 97% used [0x00000000ef000000,0x00000000ef6d45a0,0x00000000ef700000)
  to   space 25088K, 0% used [0x00000000f0000000,0x00000000f0000000,0x00000000f1880000)
 ParOldGen       total 145408K, used 66906K [0x00000000a0000000, 0x00000000a8e00000, 0x00000000e0000000)
  object space 145408K, 46% used [0x00000000a0000000,0x00000000a41568b0,0x00000000a8e00000)
 Metaspace       used 73318K, capacity 77334K, committed 77400K, reserved 1116160K
  class space    used 9428K, capacity 10096K, committed 10112K, reserved 1048576K
}
Event: 4807.705 GC heap before
{Heap before GC invocations=25 (full 3):
 PSYoungGen      total 244224K, used 243918K [0x00000000e0000000, 0x00000000f1880000, 0x0000000100000000)
  eden space 237056K, 99% used [0x00000000e0000000,0x00000000ee75f2c8,0x00000000ee780000)
  from space 7168K, 97% used [0x00000000ef000000,0x00000000ef6d45a0,0x00000000ef700000)
  to   space 25088K, 0% used [0x00000000f0000000,0x00000000f0000000,0x00000000f1880000)
 ParOldGen       total 145408K, used 66906K [0x00000000a0000000, 0x00000000a8e00000, 0x00000000e0000000)
  object space 145408K, 46% used [0x00000000a0000000,0x00000000a41568b0,0x00000000a8e00000)
 Metaspace       used 73328K, capacity 77338K, committed 77400K, reserved 1116160K
  class space    used 9430K, capacity 10098K, committed 10112K, reserved 1048576K
Event: 4807.716 GC heap after
Heap after GC invocations=25 (full 3):
 PSYoungGen      total 262656K, used 6428K [0x00000000e0000000, 0x00000000f5080000, 0x0000000100000000)
  eden space 237568K, 0% used [0x00000000e0000000,0x00000000e0000000,0x00000000ee800000)
  from space 25088K, 25% used [0x00000000f0000000,0x00000000f06471d0,0x00000000f1880000)
  to   space 24576K, 0% used [0x00000000ee800000,0x00000000ee800000,0x00000000f0000000)
 ParOldGen       total 145408K, used 66914K [0x00000000a0000000, 0x00000000a8e00000, 0x00000000e0000000)
  object space 145408K, 46% used [0x00000000a0000000,0x00000000a41588b0,0x00000000a8e00000)
 Metaspace       used 73328K, capacity 77338K, committed 77400K, reserved 1116160K
  class space    used 9430K, capacity 10098K, committed 10112K, reserved 1048576K
}

